<?xml version="1.0" encoding="UTF-8"?>
<!-- Generated by org.testng.reporters.JUnitReportReporter -->
<testsuite skipped="0" hostname="LAPTOP-A95FTCHP" name="com.inetBanking.testCases.Log4jDemo" tests="1" failures="0" timestamp="2022-05-04T14:41:24 PDT" time="0.073" errors="0">
  <testcase name="log4jDemoTest" time="0.073" classname="com.inetBanking.testCases.Log4jDemo"/>
  <system-out/>
</testsuite> <!-- com.inetBanking.testCases.Log4jDemo -->
